2014/10/21 19:00:32 -> System: Task started
2014/10/21 19:00:32 -> System: set data 3
2014/10/21 19:00:32 -> System: set method post
2014/10/21 19:00:32 -> System: clear buffers
2014/10/21 19:00:32 -> System: send data to lingualeo.com/ru/register
2014/10/21 19:00:32 -> System: set POST stream
2014/10/21 19:00:32 -> System: get server lingualeo.com
2014/10/21 19:00:32 -> System: creating stream success lingualeo.com/ru/register 80 10
2014/10/21 19:00:32 -> System: create post message
2014/10/21 19:00:32 -> System: create post head
2014/10/21 19:00:32 -> System: get server lingualeo.com
2014/10/21 19:00:32 -> System: get file /ru/register
2014/10/21 19:00:32 -> System: POST /ru/register HTTP/1.1
User-Agent: Opera/9.80 (X11; Linux i686) Presto/2.12.388 Version/12.16
Host: lingualeo.com
Accept: text/html, application/xml;q=0.9, application/xhtml+xml, image/png, image/webp, image/jpeg, image/gif, image/x-xbitmap, */*;q=0.1
Accept-Language: ru-RU,ru;q=0.9,en;q=0.8
Referer: http://lingualeo.com/ru/
Connection: Keep-Alive
DNT: 1
Content-Type: application/x-www-form-urlencoded
Content-length: 72

r_timezone=180&r_email=observationdDsc%40gmail.com&r_password=3tW4X9sQ7x
2014/10/21 19:00:32 -> System: put in stream POST /ru/register HT
2014/10/21 19:01:08 -> System: Task started
2014/10/21 19:01:08 -> System: set data 3
2014/10/21 19:01:08 -> System: set method post
2014/10/21 19:01:08 -> System: clear buffers
2014/10/21 19:01:08 -> System: send data to lingualeo.com/ru/register
2014/10/21 19:01:08 -> System: set POST stream
2014/10/21 19:01:08 -> System: get server lingualeo.com
2014/10/21 19:01:08 -> System: creating stream success lingualeo.com/ru/register 80 10
2014/10/21 19:01:08 -> System: create post message
2014/10/21 19:01:08 -> System: create post head
2014/10/21 19:01:08 -> System: get server lingualeo.com
2014/10/21 19:01:08 -> System: get file /ru/register
2014/10/21 19:01:08 -> System: POST /ru/register HTTP/1.1
User-Agent: Opera/9.80 (X11; Linux i686) Presto/2.12.388 Version/12.16
Host: lingualeo.com
Accept: text/html, application/xml;q=0.9, application/xhtml+xml, image/png, image/webp, image/jpeg, image/gif, image/x-xbitmap, */*;q=0.1
Accept-Language: ru-RU,ru;q=0.9,en;q=0.8
Referer: http://lingualeo.com/ru/
Connection: Keep-Alive
DNT: 1
Content-Type: application/x-www-form-urlencoded
Content-length: 65

r_timezone=180&r_email=cork9NvJ%40yahoo.com&r_password=F4H7hsBkST
2014/10/21 19:01:08 -> System: put in stream POST /ru/register HT
2014/10/21 19:01:32 -> System: set method post
2014/10/21 19:01:32 -> System: clear buffers
2014/10/21 19:01:32 -> System: send data to lingualeo.com/ru/survey/step/1
2014/10/21 19:01:32 -> System: close stream
2014/10/21 19:01:32 -> System: set POST stream
2014/10/21 19:01:32 -> System: get server lingualeo.com
2014/10/21 19:01:32 -> System: creating stream success lingualeo.com/ru/survey/step/1 80 10
2014/10/21 19:01:32 -> System: create post message
2014/10/21 19:01:32 -> System: create post head
2014/10/21 19:01:32 -> System: get server lingualeo.com
2014/10/21 19:01:32 -> System: get file /ru/survey/step/1
2014/10/21 19:01:32 -> System: POST /ru/survey/step/1 HTTP/1.1
User-Agent: Opera/9.80 (X11; Linux i686) Presto/2.12.388 Version/12.16
Host: lingualeo.com
Accept: text/html, application/xml;q=0.9, application/xhtml+xml, image/png, image/webp, image/jpeg, image/gif, image/x-xbitmap, */*;q=0.1
Accept-Language: ru-RU,ru;q=0.9,en;q=0.8
Referer: http://lingualeo.com/ru/
Connection: Keep-Alive
DNT: 1
Content-Type: application/x-www-form-urlencoded
Cookie: servid=1c1a87cba8bd2845fd38facc522c3a54a468132ce52dad82f9a8e3bf9581fe3d53fa89aab; firstseen=214/1/21; lingualeouid=141397232855619; lang=ru; iface=ru; remember=9e7b9d5d342a5cec9fd796368f649da9fe4be48f984472dd75c68f5a5fb3723d8deccff3d9; AWSELB=81E385C912B24FF6E771EAF57B6254C98AA295E1FFA6D315683FDC2A45B119F6D59E48C14C4D82345AC331EF7348867C5C685AB27727ECC73976DB3699A9ADBFAEEDC589273F8DB418D6D48193E1A1F76
Content-length: 0
2014/10/21 19:01:32 -> System: put in stream POST /ru/survey/step
2014/10/21 19:02:08 -> System: clear buffers
2014/10/21 19:02:08 -> System: send data to lingualeo.com/ru/survey/step/1
2014/10/21 19:02:08 -> System: close stream
2014/10/21 19:02:08 -> System: set POST stream
2014/10/21 19:02:08 -> System: get server lingualeo.com
2014/10/21 19:02:08 -> System: creating stream success lingualeo.com/ru/survey/step/1 80 10
2014/10/21 19:02:08 -> System: create post message
2014/10/21 19:02:08 -> System: create post head
2014/10/21 19:02:08 -> System: get server lingualeo.com
2014/10/21 19:02:08 -> System: get file /ru/survey/step/1
2014/10/21 19:02:08 -> System: POST /ru/survey/step/1 HTTP/1.1
User-Agent: Opera/9.80 (X11; Linux i686) Presto/2.12.388 Version/12.16
Host: lingualeo.com
Accept: text/html, application/xml;q=0.9, application/xhtml+xml, image/png, image/webp, image/jpeg, image/gif, image/x-xbitmap, */*;q=0.1
Accept-Language: ru-RU,ru;q=0.9,en;q=0.8
Referer: http://lingualeo.com/ru/
Connection: Keep-Alive
DNT: 1
Content-Type: application/x-www-form-urlencoded
Cookie: servid=1c1a2876e633e4ce388424bfebdcac6138da211741d43923a86dbfd94f55823b93d8b5; firstseen=214/1/21; lingualeouid=141397268294288; lang=ru; iface=ru; remember=a17b9dcc3c399b7a7277135685d672b8637f6a7d1eac1b2739db367b73dbbe895876edc86; AWSELB=81E385C912B24FF6E771EAF57B6254C98AA295E6B1A6489E8918778F7F8517FB522DD92133924DE89E23CF8B4849C3A856397B874E361C1BFC2D42744BE63B4D876C3B3791E4CCA8EB6888C9744E96B1EA9
Content-length: 0
2014/10/21 19:02:08 -> System: put in stream POST /ru/survey/step
